Java HotSpot(TM) 64-Bit Server VM (25.121-b13) for windows-amd64 JRE (1.8.0_121-b13), built on Dec 12 2016 18:21:36 by "java_re" with MS VC++ 10.0 (VS2010)
Memory: 4k page, physical 16680864k(11884480k free), swap 19171232k(12827312k free)
CommandLine flags: -XX:+AggressiveOpts -XX:-HeapDumpOnOutOfMemoryError -XX:InitialHeapSize=1073741824 -XX:MaxHeapSize=1073741824 -XX:MaxTenuringThreshold=6 -XX:NewRatio=2 -XX:OldPLABSize=16 -XX:-PrintCompilation -XX:+PrintGC -XX:+PrintGCApplicationConcurrentTime -XX:+PrintGCApplicationStoppedTime -XX:+PrintGCDateStamps -XX:+PrintGCDetails -XX:+PrintGCTimeStamps -XX:-PrintTenuringDistribution -XX:+UseCompressedClassPointers -XX:+UseCompressedOops -XX:+UseConcMarkSweepGC -XX:-UseLargePagesIndividualAllocation -XX:+UseParNewGC 
2017-04-03T03:17:08.830+0100: 0.603: Application time: 0.5101641 seconds
2017-04-03T03:17:08.830+0100: 0.603: Total time for which application threads were stopped: 0.0001082 seconds, Stopping threads took: 0.0000209 seconds
2017-04-03T03:17:10.920+0100: 2.697: Application time: 2.0942436 seconds
2017-04-03T03:17:10.920+0100: 2.697: [GC (Allocation Failure) 2017-04-03T03:17:10.920+0100: 2.698: [ParNew: 279616K->1401K(314560K), 0.0024367 secs] 279616K->1401K(1013632K), 0.0028883 secs] [Times: user=0.00 sys=0.00, real=0.00 secs] 
2017-04-03T03:17:10.920+0100: 2.700: Total time for which application threads were stopped: 0.0029906 seconds, Stopping threads took: 0.0000150 seconds
2017-04-03T03:17:12.607+0100: 4.380: Application time: 1.6795642 seconds
2017-04-03T03:17:12.607+0100: 4.380: [GC (Allocation Failure) 2017-04-03T03:17:12.607+0100: 4.380: [ParNew: 281017K->1537K(314560K), 0.0022250 secs] 281017K->1537K(1013632K), 0.0023166 secs] [Times: user=0.00 sys=0.00, real=0.00 secs] 
2017-04-03T03:17:12.610+0100: 4.382: Total time for which application threads were stopped: 0.0024190 seconds, Stopping threads took: 0.0000170 seconds
2017-04-03T03:17:14.310+0100: 6.083: Application time: 1.7004547 seconds
2017-04-03T03:17:14.310+0100: 6.083: [GC (Allocation Failure) 2017-04-03T03:17:14.310+0100: 6.083: [ParNew: 281153K->1686K(314560K), 0.0021681 secs] 281153K->1686K(1013632K), 0.0022657 secs] [Times: user=0.00 sys=0.00, real=0.00 secs] 
2017-04-03T03:17:14.312+0100: 6.085: Total time for which application threads were stopped: 0.0023799 seconds, Stopping threads took: 0.0000170 seconds
2017-04-03T03:17:16.053+0100: 7.829: Application time: 1.7436105 seconds
2017-04-03T03:17:16.053+0100: 7.829: [GC (Allocation Failure) 2017-04-03T03:17:16.053+0100: 7.829: [ParNew: 281302K->1723K(314560K), 0.0021432 secs] 281302K->1723K(1013632K), 0.0022353 secs] [Times: user=0.00 sys=0.00, real=0.00 secs] 
2017-04-03T03:17:16.053+0100: 7.831: Total time for which application threads were stopped: 0.0023451 seconds, Stopping threads took: 0.0000186 seconds
Heap
 par new generation   total 314560K, used 244372K [0x00000000c0000000, 0x00000000d5550000, 0x00000000d5550000)
  eden space 279616K,  86% used [0x00000000c0000000, 0x00000000cecf6098, 0x00000000d1110000)
  from space 34944K,   4% used [0x00000000d1110000, 0x00000000d12befa0, 0x00000000d3330000)
  to   space 34944K,   0% used [0x00000000d3330000, 0x00000000d3330000, 0x00000000d5550000)
 concurrent mark-sweep generation total 699072K, used 0K [0x00000000d5550000, 0x0000000100000000, 0x0000000100000000)
 Metaspace       used 4595K, capacity 4896K, committed 5248K, reserved 1056768K
  class space    used 494K, capacity 528K, committed 640K, reserved 1048576K
2017-04-03T03:17:18.543+0100: 10.326: Application time: 2.4950728 seconds
